[debug] [2020-06-06T23:06:06.791Z] ----------------------------------------------------------------------
[debug] [2020-06-06T23:06:06.797Z] Command:       /home/gabriel/.nvm/versions/node/v14.0.0/bin/node /home/gabriel/.nvm/versions/node/v14.0.0/bin/firebase serve
[debug] [2020-06-06T23:06:06.798Z] CLI Version:   8.4.0
[debug] [2020-06-06T23:06:06.799Z] Platform:      linux
[debug] [2020-06-06T23:06:06.799Z] Node Version:  v14.0.0
[debug] [2020-06-06T23:06:06.800Z] Time:          Sat Jun 06 2020 19:06:06 GMT-0400 (hora estándar de Chile)
[debug] [2020-06-06T23:06:06.801Z] ----------------------------------------------------------------------
[debug] [2020-06-06T23:06:06.801Z] 
[debug] [2020-06-06T23:06:06.880Z] > command requires scopes: ["email","openid","https://www.googleapis.com/auth/cloudplatformprojects.readonly","https://www.googleapis.com/auth/firebase","https://www.googleapis.com/auth/cloud-platform"]
[debug] [2020-06-06T23:06:06.880Z] > authorizing via signed-in user
[debug] [2020-06-06T23:06:06.881Z] [iam] checking project hecho-en-valpo for permissions ["firebase.projects.get"]
[debug] [2020-06-06T23:06:06.887Z] >>> HTTP REQUEST POST https://cloudresourcemanager.googleapis.com/v1/projects/hecho-en-valpo:testIamPermissions  
 {"permissions":["firebase.projects.get"]}
[debug] [2020-06-06T23:06:08.431Z] <<< HTTP RESPONSE 200 {"content-type":"application/json; charset=UTF-8","vary":"X-Origin, Referer, Origin,Accept-Encoding","date":"Sat, 06 Jun 2020 23:06:08 GMT","server":"ESF","cache-control":"private","x-xss-protection":"0","x-frame-options":"SAMEORIGIN","x-content-type-options":"nosniff","server-timing":"gfet4t7; dur=867","alt-svc":"h3-27=\":443\"; ma=2592000,h3-25=\":443\"; ma=2592000,h3-T050=\":443\"; ma=2592000,h3-Q050=\":443\"; ma=2592000,h3-Q049=\":443\"; ma=2592000,h3-Q048=\":443\"; ma=2592000,h3-Q046=\":443\"; ma=2592000,h3-Q043=\":443\"; ma=2592000,quic=\":443\"; ma=2592000; v=\"46,43\"","accept-ranges":"none","transfer-encoding":"chunked"}
[debug] [2020-06-06T23:06:08.439Z] >>> HTTP REQUEST GET https://firebase.googleapis.com/v1beta1/projects/hecho-en-valpo  
 
[debug] [2020-06-06T23:06:09.151Z] <<< HTTP RESPONSE 200 {"content-type":"application/json; charset=UTF-8","vary":"X-Origin, Referer, Origin,Accept-Encoding","date":"Sat, 06 Jun 2020 23:06:09 GMT","server":"ESF","cache-control":"private","x-xss-protection":"0","x-frame-options":"SAMEORIGIN","x-content-type-options":"nosniff","alt-svc":"h3-27=\":443\"; ma=2592000,h3-25=\":443\"; ma=2592000,h3-T050=\":443\"; ma=2592000,h3-Q050=\":443\"; ma=2592000,h3-Q049=\":443\"; ma=2592000,h3-Q048=\":443\"; ma=2592000,h3-Q046=\":443\"; ma=2592000,h3-Q043=\":443\"; ma=2592000,quic=\":443\"; ma=2592000; v=\"46,43\"","accept-ranges":"none","transfer-encoding":"chunked"}
[info] 
[info] === Serving from '/home/gabriel/Hecho-en-Valpo/Backend-Firestore'...
[info] 
[warn] ⚠  Your requested "node" version "8" doesn't match your global version "14" {"metadata":{"emulator":{"name":"functions"},"message":"Your requested \"node\" version \"8\" doesn't match your global version \"14\""}}
[info] i  functions: Watching "/home/gabriel/Hecho-en-Valpo/Backend-Firestore/functions" for Cloud Functions... {"metadata":{"emulator":{"name":"functions"},"message":"Watching \"/home/gabriel/Hecho-en-Valpo/Backend-Firestore/functions\" for Cloud Functions..."}}
[debug] [2020-06-06T23:06:09.260Z] [worker-pool] addWorker(~diagnostic~) {"metadata":{"emulator":{"name":"functions"},"message":"[worker-pool] addWorker(~diagnostic~)"}}
[debug] [2020-06-06T23:06:09.261Z] [worker-pool] Adding worker with key ~diagnostic~, total=1 {"metadata":{"emulator":{"name":"functions"},"message":"[worker-pool] Adding worker with key ~diagnostic~, total=1"}}
[debug] [2020-06-06T23:06:09.262Z] [worker-pool] submitWork(triggerId=) {"metadata":{"emulator":{"name":"functions"},"message":"[worker-pool] submitWork(triggerId=)"}}
[debug] [2020-06-06T23:06:09.264Z] [worker-~diagnostic~-8c10b9d3-71e3-4247-822b-abbb42af201c]: Assigning socketPath: /tmp/fire_emu_29905.sock {"metadata":{"emulator":{"name":"functions"},"message":"[worker-~diagnostic~-8c10b9d3-71e3-4247-822b-abbb42af201c]: Assigning socketPath: /tmp/fire_emu_29905.sock"}}
[debug] [2020-06-06T23:06:09.265Z] [worker-~diagnostic~-8c10b9d3-71e3-4247-822b-abbb42af201c]: BUSY {"metadata":{"emulator":{"name":"functions"},"message":"[worker-~diagnostic~-8c10b9d3-71e3-4247-822b-abbb42af201c]: BUSY"}}
[debug] [2020-06-06T23:06:10.056Z] [runtime-status] [29905] Functions runtime initialized. {"cwd":"/home/gabriel/Hecho-en-Valpo/Backend-Firestore/functions","node_version":"14.0.0"} {"metadata":{"emulator":{"name":"functions"},"message":"[runtime-status] [29905] Functions runtime initialized. {\"cwd\":\"/home/gabriel/Hecho-en-Valpo/Backend-Firestore/functions\",\"node_version\":\"14.0.0\"}"}}
[debug] [2020-06-06T23:06:10.067Z] [runtime-status] [29905] Disabled runtime features: undefined {"metadata":{"emulator":{"name":"functions"},"message":"[runtime-status] [29905] Disabled runtime features: undefined"}}
[debug] [2020-06-06T23:06:10.082Z] [runtime-status] [29905] Resolved module firebase-admin {"declared":true,"installed":true,"version":"8.12.1","resolution":"/home/gabriel/Hecho-en-Valpo/Backend-Firestore/functions/node_modules/firebase-admin/lib/index.js"} {"metadata":{"emulator":{"name":"functions"},"message":"[runtime-status] [29905] Resolved module firebase-admin {\"declared\":true,\"installed\":true,\"version\":\"8.12.1\",\"resolution\":\"/home/gabriel/Hecho-en-Valpo/Backend-Firestore/functions/node_modules/firebase-admin/lib/index.js\"}"}}
[debug] [2020-06-06T23:06:10.083Z] [runtime-status] [29905] Resolved module firebase-functions {"declared":true,"installed":true,"version":"3.6.2","resolution":"/home/gabriel/Hecho-en-Valpo/Backend-Firestore/functions/node_modules/firebase-functions/lib/index.js"} {"metadata":{"emulator":{"name":"functions"},"message":"[runtime-status] [29905] Resolved module firebase-functions {\"declared\":true,\"installed\":true,\"version\":\"3.6.2\",\"resolution\":\"/home/gabriel/Hecho-en-Valpo/Backend-Firestore/functions/node_modules/firebase-functions/lib/index.js\"}"}}
[debug] [2020-06-06T23:06:10.089Z] [runtime-status] [29905] Outgoing network have been stubbed. [{"name":"http","status":"mocked"},{"name":"http","status":"mocked"},{"name":"https","status":"mocked"},{"name":"https","status":"mocked"},{"name":"net","status":"mocked"}] {"metadata":{"emulator":{"name":"functions"},"message":"[runtime-status] [29905] Outgoing network have been stubbed. [{\"name\":\"http\",\"status\":\"mocked\"},{\"name\":\"http\",\"status\":\"mocked\"},{\"name\":\"https\",\"status\":\"mocked\"},{\"name\":\"https\",\"status\":\"mocked\"},{\"name\":\"net\",\"status\":\"mocked\"}]"}}
[debug] [2020-06-06T23:06:10.569Z] [runtime-status] [29905] Checked functions.config() {"config":{}} {"metadata":{"emulator":{"name":"functions"},"message":"[runtime-status] [29905] Checked functions.config() {\"config\":{}}"}}
[debug] [2020-06-06T23:06:10.570Z] [runtime-status] [29905] Error in handleMessage: {"frb":{"cwd":"/home/gabriel/Hecho-en-Valpo/Backend-Firestore/functions","projectId":"hecho-en-valpo","triggerId":"","emulators":{},"socketPath":"/tmp/fire_emu_29905.sock"},"opts":{"nodeBinary":"/home/gabriel/.nvm/versions/node/v14.0.0/bin/node"}} => TypeError: Cannot set property config of #<Object> which has only a getter: TypeError: Cannot set property config of #<Object> which has only a getter
    at /home/gabriel/.nvm/versions/node/v14.0.0/lib/node_modules/firebase-tools/lib/emulator/functionsEmulatorRuntime.js:455:19
    at Generator.next (<anonymous>)
    at fulfilled (/home/gabriel/.nvm/versions/node/v14.0.0/lib/node_modules/firebase-tools/lib/emulator/functionsEmulatorRuntime.js:5:58)
    at processTicksAndRejections (internal/process/task_queues.js:97:5) {"metadata":{"emulator":{"name":"functions"},"message":"[runtime-status] [29905] Error in handleMessage: {\"frb\":{\"cwd\":\"/home/gabriel/Hecho-en-Valpo/Backend-Firestore/functions\",\"projectId\":\"hecho-en-valpo\",\"triggerId\":\"\",\"emulators\":{},\"socketPath\":\"/tmp/fire_emu_29905.sock\"},\"opts\":{\"nodeBinary\":\"/home/gabriel/.nvm/versions/node/v14.0.0/bin/node\"}} => TypeError: Cannot set property config of #<Object> which has only a getter: TypeError: Cannot set property config of #<Object> which has only a getter\n    at /home/gabriel/.nvm/versions/node/v14.0.0/lib/node_modules/firebase-tools/lib/emulator/functionsEmulatorRuntime.js:455:19\n    at Generator.next (<anonymous>)\n    at fulfilled (/home/gabriel/.nvm/versions/node/v14.0.0/lib/node_modules/firebase-tools/lib/emulator/functionsEmulatorRuntime.js:5:58)\n    at processTicksAndRejections (internal/process/task_queues.js:97:5)"}}
[warn] ⚠  functions: Cannot set property config of #<Object> which has only a getter {"metadata":{"emulator":{"name":"functions"},"message":"Cannot set property config of #<Object> which has only a getter"}}
[warn] ⚠  Your function was killed because it raised an unhandled error. {"metadata":{"emulator":{"name":"functions"},"message":"Your function was killed because it raised an unhandled error."}}
[debug] [2020-06-06T23:06:10.587Z] [worker-~diagnostic~-8c10b9d3-71e3-4247-822b-abbb42af201c]: exited {"metadata":{"emulator":{"name":"functions"},"message":"[worker-~diagnostic~-8c10b9d3-71e3-4247-822b-abbb42af201c]: exited"}}
[debug] [2020-06-06T23:06:10.591Z] [worker-~diagnostic~-8c10b9d3-71e3-4247-822b-abbb42af201c]: FINISHED {"metadata":{"emulator":{"name":"functions"},"message":"[worker-~diagnostic~-8c10b9d3-71e3-4247-822b-abbb42af201c]: FINISHED"}}
